<?xml version="1.0" encoding="UTF-8"?>
<testsuite name="clev.project.connection.ConnectionTest" tests="1" skipped="0" failures="0" errors="0" timestamp="2022-12-17T14:52:15" hostname="POLOCASTY" time="1.746">
  <properties/>
  <testcase name="testConnect()" classname="clev.project.connection.ConnectionTest" time="1.746"/>
  <system-out><![CDATA[]]></system-out>
  <system-err><![CDATA[дек. 17, 2022 5:52:16 PM org.hibernate.Version logVersion
INFO: HHH000412: Hibernate ORM core version 5.5.6.Final
дек. 17, 2022 5:52:16 PM org.hibernate.annotations.common.reflection.java.JavaReflectionManager <clinit>
INFO: HCANN000001: Hibernate Commons Annotations {5.1.2.Final}
дек. 17, 2022 5:52:16 PM org.hibernate.engine.jdbc.connections.internal.DriverManagerConnectionProviderImpl configure
WARN: HHH10001002: Using Hibernate built-in connection pool (not for production use!)
дек. 17, 2022 5:52:16 PM org.hibernate.engine.jdbc.connections.internal.DriverManagerConnectionProviderImpl buildCreator
INFO: HHH10001005: using driver [org.postgresql.Driver] at URL [jdbc:postgresql://localhost:5432/shopcheck]
дек. 17, 2022 5:52:16 PM org.hibernate.engine.jdbc.connections.internal.DriverManagerConnectionProviderImpl buildCreator
INFO: HHH10001001: Connection properties: {password=****, user=postgres}
дек. 17, 2022 5:52:16 PM org.hibernate.engine.jdbc.connections.internal.DriverManagerConnectionProviderImpl buildCreator
INFO: HHH10001003: Autocommit mode: false
дек. 17, 2022 5:52:16 PM org.hibernate.engine.jdbc.connections.internal.DriverManagerConnectionProviderImpl$PooledConnections <init>
INFO: HHH000115: Hibernate connection pool size: 20 (min=1)
дек. 17, 2022 5:52:16 PM org.hibernate.dialect.Dialect <init>
INFO: HHH000400: Using dialect: org.hibernate.dialect.PostgreSQL9Dialect
дек. 17, 2022 5:52:17 PM org.hibernate.engine.transaction.jta.platform.internal.JtaPlatformInitiator initiateService
INFO: HHH000490: Using JtaPlatform implementation: [org.hibernate.engine.transaction.jta.platform.internal.NoJtaPlatform]
]]></system-err>
</testsuite>
